TN:
SF:D:\Users\学习档案\2018下半年\任爹的课\homework-3\src\components\HelloWorld.vue
FNF:0
FNH:0
DA:91,1
LF:1
LH:1
BRF:0
BRH:0
end_of_record
TN:
SF:D:\Users\学习档案\2018下半年\任爹的课\homework-3\src\components\Welcome.vue
FNF:0
FNH:0
DA:17,1
LF:1
LH:1
BRF:0
BRH:0
end_of_record
TN:
SF:D:\Users\学习档案\2018下半年\任爹的课\homework-3\src\components\WordLadder.vue
FNF:0
FNH:0
DA:21,1
LF:1
LH:1
BRF:0
BRH:0
end_of_record
TN:
SF:D:\Users\学习档案\2018下半年\任爹的课\homework-3\src\App.vue
FNF:0
FNH:0
LF:0
LH:0
BRF:0
BRH:0
end_of_record
TN:
SF:D:\Users\学习档案\2018下半年\任爹的课\homework-3\src\router\index.js
FNF:0
FNH:0
DA:7,1
LF:1
LH:1
BRF:0
BRH:0
end_of_record
